#
# There is insufficient memory for the Java Runtime Environment to continue.
# Native memory allocation (malloc) failed to allocate 1048576 bytes for AllocateHeap
# Possible reasons:
#   The system is out of physical RAM or swap space
#   The process is running with CompressedOops enabled, and the Java Heap may be blocking the growth of the native heap
# Possible solutions:
#   Reduce memory load on the system
#   Increase physical memory or swap space
#   Check if swap backing store is full
#   Decrease Java heap size (-Xmx/-Xms)
#   Decrease number of Java threads
#   Decrease Java thread stack sizes (-Xss)
#   Set larger code cache with -XX:ReservedCodeCacheSize=
#   JVM is running with Unscaled Compressed Oops mode in which the Java heap is
#     placed in the first 4GB address space. The Java Heap base address is the
#     maximum limit for the native heap growth. Please use -XX:HeapBaseMinAddress
#     to set the Java Heap base and to place the Java Heap above 4GB virtual address.
# This output file may be truncated or incomplete.
#
#  Out of Memory Error (memory/allocation.inline.hpp:61), pid=3916, tid=0x00000000000041c8
#
# JRE version:  (8.0_201-b09) (build )
# Java VM: Java HotSpot(TM) 64-Bit Server VM (25.201-b09 mixed mode windows-amd64 compressed oops)
# Failed to write core dump. Minidumps are not enabled by default on client versions of Windows
#

---------------  T H R E A D  ---------------

Current thread (0x0000000000d2e800):  JavaThread "Unknown thread" [_thread_in_vm, id=16840, stack(0x0000000002620000,0x0000000002720000)]

Stack: [0x0000000002620000,0x0000000002720000]
[error occurred during error reporting (printing stack bounds), id 0xc0000005]

Native frames: (J=compiled Java code, j=interpreted, Vv=VM code, C=native code)


---------------  P R O C E S S  ---------------

Java Threads: ( => current thread )

Other Threads:

=>0x0000000000d2e800 (exited) JavaThread "Unknown thread" [_thread_in_vm, id=16840, stack(0x0000000002620000,0x0000000002720000)]

VM state:not at safepoint (normal execution)

VM Mutex/Monitor currently owned by a thread: None

heap address: 0x0000000081800000, size: 2024 MB, Compressed Oops mode: 32-bit
Narrow klass base: 0x0000000000000000, Narrow klass shift: 3
Compressed class space size: 1073741824 Address: 0x0000000100000000

Heap:
 PSYoungGen      total 38400K, used 665K [0x00000000d5d80000, 0x00000000d8800000, 0x0000000100000000)
  eden space 33280K, 2% used [0x00000000d5d80000,0x00000000d5e26670,0x00000000d7e00000)
  from space 5120K, 0% used [0x00000000d8300000,0x00000000d8300000,0x00000000d8800000)
  to   space 5120K, 0% used [0x00000000d7e00000,0x00000000d7e00000,0x00000000d8300000)
 ParOldGen       total 87552K, used 0K [0x0000000081800000, 0x0000000086d80000, 0x00000000d5d80000)
  object space 87552K, 0% used [0x0000000081800000,0x0000000081800000,0x0000000086d80000)
 Metaspace       used 786K, capacity 1156K, committed 1408K, reserved 1060864K
  class space    used 76K, capacity 384K, committed 384K, reserved 1048576K

Card table byte_map: [0x0000000012170000,0x0000000012570000] byte_map_base: 0x0000000011d64000

Marking Bits: (ParMarkBitMap*) 0x000000006b034ce0
 Begin Bits: [0x0000000012c20000, 0x0000000014bc0000)
 End Bits:   [0x0000000014bc0000, 0x0000000016b60000)

Polling page: 0x00000000005f0000

CodeCache: size=245760Kb used=328Kb max_used=328Kb free=245431Kb
 bounds [0x0000000002db0000, 0x0000000003020000, 0x0000000011db0000]
 total_blobs=58 nmethods=0 adapters=38
 compilation: enabled

Compilation events (0 events):
No events

GC Heap History (0 events):
No events

Deoptimization events (0 events):
No events

Classes redefined (0 events):
No events

Internal exceptions (0 events):
No events

Events (10 events):
Event: 0.035 loading class java/lang/Short
Event: 0.035 loading class java/lang/Short done
Event: 0.035 loading class java/lang/Integer
Event: 0.035 loading class java/lang/Integer done
Event: 0.035 loading class java/lang/Long
Event: 0.035 loading class java/lang/Long done
Event: 0.036 loading class java/lang/NullPointerException
Event: 0.036 loading class java/lang/NullPointerException done
Event: 0.036 loading class java/lang/ArithmeticException
Event: 0.036 loading class java/lang/ArithmeticException done


Dynamic libraries:
0x00007ff765800000 - 0x00007ff765837000 	D:\_dev_tools\jdk1.8.0_201\bin\java.exe
0x00007ff9de060000 - 0x00007ff9de250000 	C:\WINDOWS\SYSTEM32\ntdll.dll
0x00007ff9dc290000 - 0x00007ff9dc342000 	C:\WINDOWS\System32\KERNEL32.DLL
0x00007ff9db790000 - 0x00007ff9dba35000 	C:\WINDOWS\System32\KERNELBASE.dll
0x00007ff9dcfd0000 - 0x00007ff9dd073000 	C:\WINDOWS\System32\ADVAPI32.dll
0x00007ff9dd1b0000 - 0x00007ff9dd24e000 	C:\WINDOWS\System32\msvcrt.dll
0x00007ff9ddb30000 - 0x00007ff9ddbc7000 	C:\WINDOWS\System32\sechost.dll
0x00007ff9dc110000 - 0x00007ff9dc22f000 	C:\WINDOWS\System32\RPCRT4.dll
0x00007ff9dc380000 - 0x00007ff9dc514000 	C:\WINDOWS\System32\USER32.dll
0x00007ff9dbfe0000 - 0x00007ff9dc001000 	C:\WINDOWS\System32\win32u.dll
0x00007ff9dc350000 - 0x00007ff9dc376000 	C:\WINDOWS\System32\GDI32.dll
0x00007ff9dbb70000 - 0x00007ff9dbd08000 	C:\WINDOWS\System32\gdi32full.dll
0x00007ff9dba40000 - 0x00007ff9dbade000 	C:\WINDOWS\System32\msvcp_win.dll
0x00007ff9dc010000 - 0x00007ff9dc10a000 	C:\WINDOWS\System32\ucrtbase.dll
0x00007ff9c9b00000 - 0x00007ff9c9d84000 	C:\WINDOWS\WinSxS\amd64_microsoft.windows.common-controls_6595b64144ccf1df_6.0.18362.1379_none_9e7ff3b3e45cc0c4\COMCTL32.dll
0x00007ff9dc990000 - 0x00007ff9dccc7000 	C:\WINDOWS\System32\combase.dll
0x00007ff9dbae0000 - 0x00007ff9dbb61000 	C:\WINDOWS\System32\bcryptPrimitives.dll
0x00007ff9dde40000 - 0x00007ff9dde6e000 	C:\WINDOWS\System32\IMM32.DLL
0x000000006b0c0000 - 0x000000006b191000 	D:\_dev_tools\jdk1.8.0_201\jre\bin\msvcr100.dll
0x000000006a810000 - 0x000000006b0b4000 	D:\_dev_tools\jdk1.8.0_201\jre\bin\server\jvm.dll
0x00007ff9dcf40000 - 0x00007ff9dcf48000 	C:\WINDOWS\System32\PSAPI.DLL
0x00007ff9d6700000 - 0x00007ff9d6709000 	C:\WINDOWS\SYSTEM32\WSOCK32.dll
0x00007ff9dddb0000 - 0x00007ff9dde1f000 	C:\WINDOWS\System32\WS2_32.dll
0x00007ff9d7270000 - 0x00007ff9d7294000 	C:\WINDOWS\SYSTEM32\WINMM.dll
0x00007ff9d0580000 - 0x00007ff9d058a000 	C:\WINDOWS\SYSTEM32\VERSION.dll
0x00007ff9d7220000 - 0x00007ff9d724d000 	C:\WINDOWS\SYSTEM32\WINMMBASE.dll
0x00007ff9dbf90000 - 0x00007ff9dbfda000 	C:\WINDOWS\System32\cfgmgr32.dll
0x00007ff9d7b50000 - 0x00007ff9d7b5f000 	D:\_dev_tools\jdk1.8.0_201\jre\bin\verify.dll
0x00007ff9cd2d0000 - 0x00007ff9cd2f9000 	D:\_dev_tools\jdk1.8.0_201\jre\bin\java.dll
0x00007ff9c6900000 - 0x00007ff9c6923000 	D:\_dev_tools\jdk1.8.0_201\jre\bin\instrument.dll
0x00007ff9c8500000 - 0x00007ff9c8516000 	D:\_dev_tools\jdk1.8.0_201\jre\bin\zip.dll

VM Arguments:
jvm_args: -Dmaven.multiModuleProjectDirectory=D:\_devcode\learn_atguigu\suimai-all\suimai\common -Dmaven.home=D:\_dev_tools\IDEA2020.2.3\plugins\maven\lib\maven3 -Dclassworlds.conf=D:\_dev_tools\IDEA2020.2.3\plugins\maven\lib\maven3\bin\m2.conf -Dmaven.ext.class.path=D:\_dev_tools\IDEA2020.2.3\plugins\maven\lib\maven-event-listener.jar -javaagent:D:\_dev_tools\IDEA2020.2.3\lib\idea_rt.jar=6300:D:\_dev_tools\IDEA2020.2.3\bin -Dfile.encoding=UTF-8 
java_command: org.codehaus.classworlds.Launcher -Didea.version=2020.2.3 -s D:\_dev_tools\apache-maven-3.6.3\conf\settings.xml -Dmaven.repo.local=D:\_dev_tools\m2repository install
java_class_path (initial): D:\_dev_tools\IDEA2020.2.3\plugins\maven\lib\maven3\boot\plexus-classworlds-2.6.0.jar;D:\_dev_tools\IDEA2020.2.3\plugins\maven\lib\maven3\boot\plexus-classworlds.license;D:\_dev_tools\IDEA2020.2.3\lib\idea_rt.jar
Launcher Type: SUN_STANDARD

Environment Variables:
JAVA_HOME=D:\_dev_tools\jdk1.8.0_201
PATH=D:\_dev_tools\Python39\Scripts\;D:\_dev_tools\Python39\;D:\_dev_tools\jdk1.8.0_201\bin;C:\Program Files\Common Files\Oracle\Java\javapath;D:\_dev_tools\apache-maven-3.6.3\bin;C:\Windows\system32;C:\Windows;C:\Windows\System32\Wbem;C:\Windows\System32\WindowsPowerShell\v1.0\;C:\Users\Administrator\AppData\Local\Microsoft\WindowsApps;d:\Docker Toolbox;d:\ShenTong\bin;C:\WINDOWS\system32;C:\WINDOWS;C:\WINDOWS\System32\Wbem;C:\WINDOWS\System32\WindowsPowerShell\v1.0\;C:\WINDOWS\System32\OpenSSH\;D:\_dev_tools\mysql-5.7.31-winx64\bin;C:\Program Files (x86)\Google\Chrome\Application;D:\000000\ffmpeg-20190503-6223d07-win64-static\bin;D:\Calibre2\;d:\000000\rclone-v1.51.0-windows-amd64;C:\Program Files\NVIDIA Corporation\NVIDIA NvDLISR;C:\WINDOWS\system32;C:\WINDOWS;C:\WINDOWS\System32\Wbem;C:\WINDOWS\System32\WindowsPowerShell\v1.0\;C:\WINDOWS\System32\OpenSSH\;C:\Program Files (x86)\PxMEWNET;C:\Program Files (x86)\Windows Kits\8.1\Windows Performance Toolkit\;D:\_dev_tools\nodejs\;D:\_dev_tools\Git\cmd;D:\_dev_tools\Vagrant\bin;D:\_dev_tools\xshell7\Xshell 7\;D:\_dev_tools\xshell7\Xftp 7\;D:\TortoiseGit\bin;C:\Program Files\dotnet\;D:\_dev_tools\google-cloud-sdk\bin;C:\Users\Administrator\AppData\Local\Microsoft\WindowsApps;D:\Bandizip\;D:\PyCharm201911\bin;;D:\_dev_tools\Microsoft VS Code\bin;D:\_dev_tools\nodejs\node_global;D:\_dev_tools\mingw64\bin;C:\Users\Administrator\AppData\Local\Pandoc\
USERNAME=Administrator
OS=Windows_NT
PROCESSOR_IDENTIFIER=Intel64 Family 6 Model 142 Stepping 9, GenuineIntel



---------------  S Y S T E M  ---------------

OS: Windows 10.0 , 64 bit Build 18362 (10.0.18362.1350)

CPU:total 4 (initial active 4) (2 cores per cpu, 2 threads per core) family 6 model 142 stepping 9, cmov, cx8, fxsr, mmx, sse, sse2, sse3, ssse3, sse4.1, sse4.2, popcnt, avx, avx2, aes, clmul, erms, 3dnowpref, lzcnt, ht, tsc, tscinvbit, bmi1, bmi2, adx

Memory: 4k page, physical 8286340k(775340k free), swap 12480644k(5948k free)

vm_info: Java HotSpot(TM) 64-Bit Server VM (25.201-b09) for windows-amd64 JRE (1.8.0_201-b09), built on Dec 15 2018 18:36:39 by "java_re" with MS VC++ 10.0 (VS2010)

time: Wed Jul 14 13:34:54 2021
timezone: 中国标准时间
elapsed time: 0 seconds (0d 0h 0m 0s)

