#
# There is insufficient memory for the Java Runtime Environment to continue.
# Native memory allocation (malloc) failed to allocate 945616 bytes for Chunk::new
# Possible reasons:
#   The system is out of physical RAM or swap space
#   The process is running with CompressedOops enabled, and the Java Heap may be blocking the growth of the native heap
# Possible solutions:
#   Reduce memory load on the system
#   Increase physical memory or swap space
#   Check if swap backing store is full
#   Decrease Java heap size (-Xmx/-Xms)
#   Decrease number of Java threads
#   Decrease Java thread stack sizes (-Xss)
#   Set larger code cache with -XX:ReservedCodeCacheSize=
#   JVM is running with Unscaled Compressed Oops mode in which the Java heap is
#     placed in the first 4GB address space. The Java Heap base address is the
#     maximum limit for the native heap growth. Please use -XX:HeapBaseMinAddress
#     to set the Java Heap base and to place the Java Heap above 4GB virtual address.
# This output file may be truncated or incomplete.
#
#  Out of Memory Error (allocation.cpp:390), pid=7212, tid=0x0000000000004390
#
# JRE version: Java(TM) SE Runtime Environment (8.0_201-b09) (build 1.8.0_201-b09)
# Java VM: Java HotSpot(TM) 64-Bit Server VM (25.201-b09 mixed mode windows-amd64 compressed oops)
# Failed to write core dump. Minidumps are not enabled by default on client versions of Windows
#

---------------  T H R E A D  ---------------

Current thread (0x000000001316d800):  JavaThread "C2 CompilerThread1" daemon [_thread_in_native, id=17296, stack(0x0000000014d20000,0x0000000014e20000)]

Stack: [0x0000000014d20000,0x0000000014e20000]
[error occurred during error reporting (printing stack bounds), id 0xc0000005]

Native frames: (J=compiled Java code, j=interpreted, Vv=VM code, C=native code)


Current CompileTask:
C2:   8327 3377       4       java.util.function.BiPredicate$$Lambda$329/605420629::test (14 bytes)


---------------  P R O C E S S  ---------------

Java Threads: ( => current thread )
  0x00000000145d9000 JavaThread "Service Thread" daemon [_thread_blocked, id=876, stack(0x0000000014f20000,0x0000000015020000)]
  0x000000001316f800 JavaThread "C1 CompilerThread2" daemon [_thread_blocked, id=12328, stack(0x0000000014e20000,0x0000000014f20000)]
=>0x000000001316d800 JavaThread "C2 CompilerThread1" daemon [_thread_in_native, id=17296, stack(0x0000000014d20000,0x0000000014e20000)]
  0x000000001316a800 JavaThread "C2 CompilerThread0" daemon [_thread_in_native, id=16652, stack(0x0000000014c20000,0x0000000014d20000)]
  0x000000001315c800 JavaThread "Monitor Ctrl-Break" daemon [_thread_in_native, id=14600, stack(0x0000000014b20000,0x0000000014c20000)]
  0x000000001314f800 JavaThread "Attach Listener" daemon [_thread_blocked, id=15536, stack(0x0000000014a10000,0x0000000014b10000)]
  0x0000000014553800 JavaThread "Signal Dispatcher" daemon [_thread_blocked, id=17552, stack(0x0000000014910000,0x0000000014a10000)]
  0x000000001310f800 JavaThread "Finalizer" daemon [_thread_blocked, id=12828, stack(0x00000000143a0000,0x00000000144a0000)]
  0x0000000013108800 JavaThread "Reference Handler" daemon [_thread_blocked, id=6092, stack(0x00000000142a0000,0x00000000143a0000)]
  0x000000000298b000 JavaThread "main" [_thread_in_native, id=4656, stack(0x0000000002880000,0x0000000002980000)]

Other Threads:
  0x00000000130e7000 VMThread [stack: 0x00000000141a0000,0x00000000142a0000] [id=908]
  0x0000000014615000 WatcherThread [stack: 0x0000000015020000,0x0000000015120000] [id=14208]

VM state:not at safepoint (normal execution)

VM Mutex/Monitor currently owned by a thread: None

heap address: 0x00000000f9c00000, size: 100 MB, Compressed Oops mode: 32-bit
Narrow klass base: 0x0000000000000000, Narrow klass shift: 3
Compressed class space size: 1073741824 Address: 0x0000000100000000

Heap:
 PSYoungGen      total 28672K, used 5621K [0x00000000fdf00000, 0x0000000100000000, 0x0000000100000000)
  eden space 23552K, 23% used [0x00000000fdf00000,0x00000000fe47d608,0x00000000ff600000)
  from space 5120K, 0% used [0x00000000ffb00000,0x00000000ffb00000,0x0000000100000000)
  to   space 5120K, 0% used [0x00000000ff600000,0x00000000ff600000,0x00000000ffb00000)
 ParOldGen       total 61440K, used 14063K [0x00000000f9c00000, 0x00000000fd800000, 0x00000000fdf00000)
  object space 61440K, 22% used [0x00000000f9c00000,0x00000000fa9bbe48,0x00000000fd800000)
 Metaspace       used 33306K, capacity 35746K, committed 35968K, reserved 1081344K
  class space    used 4500K, capacity 4921K, committed 4992K, reserved 1048576K

Card table byte_map: [0x0000000002bd0000,0x0000000002c10000] byte_map_base: 0x0000000002402000

Marking Bits: (ParMarkBitMap*) 0x0000000063304ce0
 Begin Bits: [0x0000000012410000, 0x00000000125a0000)
 End Bits:   [0x00000000125a0000, 0x0000000012730000)

Polling page: 0x0000000002a80000

CodeCache: size=245760Kb used=11312Kb max_used=11312Kb free=234447Kb
 bounds [0x0000000002c20000, 0x0000000003740000, 0x0000000011c20000]
 total_blobs=3627 nmethods=3205 adapters=334
 compilation: enabled

Compilation events (10 events):
Event: 8.315 Thread 0x000000001316f800 3464       3       org.springframework.core.ResolvableType::forMethodParameter (16 bytes)
Event: 8.315 Thread 0x000000001316f800 nmethod 3464 0x000000000372f990 code [0x000000000372fb20, 0x000000000372fe78]
Event: 8.316 Thread 0x000000001316f800 3466       3       sun.invoke.util.Wrapper::isSubwordOrInt (20 bytes)
Event: 8.317 Thread 0x000000001316f800 nmethod 3466 0x0000000003730210 code [0x00000000037303a0, 0x0000000003730970]
Event: 8.317 Thread 0x000000001316f800 3467  s    2       java.lang.reflect.Executable::declaredAnnotations (59 bytes)
Event: 8.318 Thread 0x000000001316f800 nmethod 3467 0x0000000003730a90 code [0x0000000003730c60, 0x00000000037310e8]
Event: 8.323 Thread 0x000000001316f800 3468       3       org.springframework.boot.context.properties.ConfigurationPropertiesBean::findMergedAnnotation (24 bytes)
Event: 8.324 Thread 0x000000001316f800 nmethod 3468 0x0000000003731390 code [0x00000000037315a0, 0x0000000003731e18]
Event: 8.324 Thread 0x000000001316f800 3469       3       org.springframework.core.MethodParameter::getNestedParameterType (122 bytes)
Event: 8.325 Thread 0x000000001316f800 nmethod 3469 0x00000000037323d0 code [0x0000000003732660, 0x0000000003733a68]

GC Heap History (10 events):
Event: 7.862 GC heap before
{Heap before GC invocations=24 (full 1):
 PSYoungGen      total 27136K, used 22688K [0x00000000fdf00000, 0x0000000100000000, 0x0000000100000000)
  eden space 21504K, 100% used [0x00000000fdf00000,0x00000000ff400000,0x00000000ff400000)
  from space 5632K, 21% used [0x00000000ff980000,0x00000000ffaa8000,0x00000000fff00000)
  to   space 5632K, 0% used [0x00000000ff400000,0x00000000ff400000,0x00000000ff980000)
 ParOldGen       total 42496K, used 12474K [0x00000000f9c00000, 0x00000000fc580000, 0x00000000fdf00000)
  object space 42496K, 29% used [0x00000000f9c00000,0x00000000fa82eb38,0x00000000fc580000)
 Metaspace       used 32032K, capacity 34308K, committed 34432K, reserved 1079296K
  class space    used 4339K, capacity 4722K, committed 4736K, reserved 1048576K
Event: 7.864 GC heap after
Heap after GC invocations=24 (full 1):
 PSYoungGen      total 27136K, used 1088K [0x00000000fdf00000, 0x0000000100000000, 0x0000000100000000)
  eden space 21504K, 0% used [0x00000000fdf00000,0x00000000fdf00000,0x00000000ff400000)
  from space 5632K, 19% used [0x00000000ff400000,0x00000000ff510000,0x00000000ff980000)
  to   space 5632K, 0% used [0x00000000ffa80000,0x00000000ffa80000,0x0000000100000000)
 ParOldGen       total 42496K, used 13346K [0x00000000f9c00000, 0x00000000fc580000, 0x00000000fdf00000)
  object space 42496K, 31% used [0x00000000f9c00000,0x00000000fa908b38,0x00000000fc580000)
 Metaspace       used 32032K, capacity 34308K, committed 34432K, reserved 1079296K
  class space    used 4339K, capacity 4722K, committed 4736K, reserved 1048576K
}
Event: 7.998 GC heap before
{Heap before GC invocations=25 (full 1):
 PSYoungGen      total 27136K, used 22592K [0x00000000fdf00000, 0x0000000100000000, 0x0000000100000000)
  eden space 21504K, 100% used [0x00000000fdf00000,0x00000000ff400000,0x00000000ff400000)
  from space 5632K, 19% used [0x00000000ff400000,0x00000000ff510000,0x00000000ff980000)
  to   space 5632K, 0% used [0x00000000ffa80000,0x00000000ffa80000,0x0000000100000000)
 ParOldGen       total 42496K, used 13346K [0x00000000f9c00000, 0x00000000fc580000, 0x00000000fdf00000)
  object space 42496K, 31% used [0x00000000f9c00000,0x00000000fa908b38,0x00000000fc580000)
 Metaspace       used 32472K, capacity 34820K, committed 35072K, reserved 1079296K
  class space    used 4380K, capacity 4798K, committed 4864K, reserved 1048576K
Event: 8.006 GC heap after
Heap after GC invocations=25 (full 1):
 PSYoungGen      total 27136K, used 995K [0x00000000fdf00000, 0x00000000fff00000, 0x0000000100000000)
  eden space 22528K, 0% used [0x00000000fdf00000,0x00000000fdf00000,0x00000000ff500000)
  from space 4608K, 21% used [0x00000000ffa80000,0x00000000ffb78e90,0x00000000fff00000)
  to   space 5120K, 0% used [0x00000000ff500000,0x00000000ff500000,0x00000000ffa00000)
 ParOldGen       total 42496K, used 14058K [0x00000000f9c00000, 0x00000000fc580000, 0x00000000fdf00000)
  object space 42496K, 33% used [0x00000000f9c00000,0x00000000fa9bab38,0x00000000fc580000)
 Metaspace       used 32472K, capacity 34820K, committed 35072K, reserved 1079296K
  class space    used 4380K, capacity 4798K, committed 4864K, reserved 1048576K
}
Event: 8.151 GC heap before
{Heap before GC invocations=26 (full 1):
 PSYoungGen      total 27136K, used 23523K [0x00000000fdf00000, 0x00000000fff00000, 0x0000000100000000)
  eden space 22528K, 100% used [0x00000000fdf00000,0x00000000ff500000,0x00000000ff500000)
  from space 4608K, 21% used [0x00000000ffa80000,0x00000000ffb78e90,0x00000000fff00000)
  to   space 5120K, 0% used [0x00000000ff500000,0x00000000ff500000,0x00000000ffa00000)
 ParOldGen       total 42496K, used 14058K [0x00000000f9c00000, 0x00000000fc580000, 0x00000000fdf00000)
  object space 42496K, 33% used [0x00000000f9c00000,0x00000000fa9bab38,0x00000000fc580000)
 Metaspace       used 32872K, capacity 35270K, committed 35328K, reserved 1079296K
  class space    used 4433K, capacity 4849K, committed 4864K, reserved 1048576K
Event: 8.156 GC heap after
Heap after GC invocations=26 (full 1):
 PSYoungGen      total 27648K, used 1539K [0x00000000fdf00000, 0x0000000100000000, 0x0000000100000000)
  eden space 22528K, 0% used [0x00000000fdf00000,0x00000000fdf00000,0x00000000ff500000)
  from space 5120K, 30% used [0x00000000ff500000,0x00000000ff680e88,0x00000000ffa00000)
  to   space 5120K, 0% used [0x00000000ffb00000,0x00000000ffb00000,0x0000000100000000)
 ParOldGen       total 42496K, used 14698K [0x00000000f9c00000, 0x00000000fc580000, 0x00000000fdf00000)
  object space 42496K, 34% used [0x00000000f9c00000,0x00000000faa5ab38,0x00000000fc580000)
 Metaspace       used 32872K, capacity 35270K, committed 35328K, reserved 1079296K
  class space    used 4433K, capacity 4849K, committed 4864K, reserved 1048576K
}
Event: 8.198 GC heap before
{Heap before GC invocations=27 (full 1):
 PSYoungGen      total 27648K, used 7835K [0x00000000fdf00000, 0x0000000100000000, 0x0000000100000000)
  eden space 22528K, 27% used [0x00000000fdf00000,0x00000000fe525e50,0x00000000ff500000)
  from space 5120K, 30% used [0x00000000ff500000,0x00000000ff680e88,0x00000000ffa00000)
  to   space 5120K, 0% used [0x00000000ffb00000,0x00000000ffb00000,0x0000000100000000)
 ParOldGen       total 42496K, used 14698K [0x00000000f9c00000, 0x00000000fc580000, 0x00000000fdf00000)
  object space 42496K, 34% used [0x00000000f9c00000,0x00000000faa5ab38,0x00000000fc580000)
 Metaspace       used 33072K, capacity 35400K, committed 35416K, reserved 1079296K
  class space    used 4458K, capacity 4850K, committed 4864K, reserved 1048576K
Event: 8.200 GC heap after
Heap after GC invocations=27 (full 1):
 PSYoungGen      total 28672K, used 360K [0x00000000fdf00000, 0x0000000100000000, 0x0000000100000000)
  eden space 23552K, 0% used [0x00000000fdf00000,0x00000000fdf00000,0x00000000ff600000)
  from space 5120K, 7% used [0x00000000ffb00000,0x00000000ffb5a040,0x0000000100000000)
  to   space 5120K, 0% used [0x00000000ff600000,0x00000000ff600000,0x00000000ffb00000)
 ParOldGen       total 42496K, used 15930K [0x00000000f9c00000, 0x00000000fc580000, 0x00000000fdf00000)
  object space 42496K, 37% used [0x00000000f9c00000,0x00000000fab8eb38,0x00000000fc580000)
 Metaspace       used 33072K, capacity 35400K, committed 35416K, reserved 1079296K
  class space    used 4458K, capacity 4850K, committed 4864K, reserved 1048576K
}
Event: 8.200 GC heap before
{Heap before GC invocations=28 (full 2):
 PSYoungGen      total 28672K, used 360K [0x00000000fdf00000, 0x0000000100000000, 0x0000000100000000)
  eden space 23552K, 0% used [0x00000000fdf00000,0x00000000fdf00000,0x00000000ff600000)
  from space 5120K, 7% used [0x00000000ffb00000,0x00000000ffb5a040,0x0000000100000000)
  to   space 5120K, 0% used [0x00000000ff600000,0x00000000ff600000,0x00000000ffb00000)
 ParOldGen       total 42496K, used 15930K [0x00000000f9c00000, 0x00000000fc580000, 0x00000000fdf00000)
  object space 42496K, 37% used [0x00000000f9c00000,0x00000000fab8eb38,0x00000000fc580000)
 Metaspace       used 33072K, capacity 35400K, committed 35416K, reserved 1079296K
  class space    used 4458K, capacity 4850K, committed 4864K, reserved 1048576K
Event: 8.290 GC heap after
Heap after GC invocations=28 (full 2):
 PSYoungGen      total 28672K, used 0K [0x00000000fdf00000, 0x0000000100000000, 0x0000000100000000)
  eden space 23552K, 0% used [0x00000000fdf00000,0x00000000fdf00000,0x00000000ff600000)
  from space 5120K, 0% used [0x00000000ffb00000,0x00000000ffb00000,0x0000000100000000)
  to   space 5120K, 0% used [0x00000000ff600000,0x00000000ff600000,0x00000000ffb00000)
 ParOldGen       total 61440K, used 14063K [0x00000000f9c00000, 0x00000000fd800000, 0x00000000fdf00000)
  object space 61440K, 22% used [0x00000000f9c00000,0x00000000fa9bbe48,0x00000000fd800000)
 Metaspace       used 33072K, capacity 35400K, committed 35416K, reserved 1079296K
  class space    used 4458K, capacity 4850K, committed 4864K, reserved 1048576K
}

Deoptimization events (10 events):
Event: 7.363 Thread 0x000000000298b000 Uncommon trap: reason=bimorphic action=maybe_recompile pc=0x00000000034ade6c method=org.springframework.beans.factory.support.AbstractAutowireCapableBeanFactory.predictBeanType(Ljava/lang/String;Lorg/springframework/beans/factory/support/RootBeanDefinitio
Event: 7.522 Thread 0x000000000298b000 Uncommon trap: reason=unstable_if action=reinterpret pc=0x00000000030ff904 method=java.util.Properties$LineReader.readLine()I @ 252
Event: 7.522 Thread 0x000000000298b000 Uncommon trap: reason=unstable_if action=reinterpret pc=0x00000000030fabc8 method=java.util.Properties$LineReader.readLine()I @ 252
Event: 7.529 Thread 0x000000000298b000 Uncommon trap: reason=unstable_if action=reinterpret pc=0x0000000003155fdc method=java.io.WinNTFileSystem.isLetter(C)Z @ 3
Event: 7.538 Thread 0x000000000298b000 Uncommon trap: reason=unstable_if action=reinterpret pc=0x0000000003200b48 method=java.io.WinNTFileSystem.resolve(Ljava/lang/String;Ljava/lang/String;)Ljava/lang/String; @ 117
Event: 7.612 Thread 0x000000000298b000 Uncommon trap: reason=null_check action=make_not_entrant pc=0x000000000345f508 method=org.springframework.beans.factory.support.DefaultListableBeanFactory.getBeanDefinition(Ljava/lang/String;)Lorg/springframework/beans/factory/config/BeanDefinition; @ 10
Event: 7.760 Thread 0x000000000298b000 Uncommon trap: reason=null_check action=make_not_entrant pc=0x000000000342bfcc method=org.springframework.beans.factory.support.DefaultSingletonBeanRegistry.getSingleton(Ljava/lang/String;Z)Ljava/lang/Object; @ 90
Event: 7.783 Thread 0x000000000298b000 Uncommon trap: reason=unstable_if action=reinterpret pc=0x00000000032d638c method=org.springframework.boot.context.properties.source.ConfigurationPropertyName.hashCode()I @ 18
Event: 7.896 Thread 0x000000000298b000 Uncommon trap: reason=unstable_if action=reinterpret pc=0x00000000035a1e80 method=java.lang.reflect.Method.equals(Ljava/lang/Object;)Z @ 1
Event: 7.981 Thread 0x000000000298b000 Uncommon trap: reason=unstable_if action=reinterpret pc=0x0000000003568e00 method=org.springframework.beans.factory.support.AbstractBeanFactory.isTypeMatch(Ljava/lang/String;Lorg/springframework/core/ResolvableType;Z)Z @ 559

Classes redefined (0 events):
No events

Internal exceptions (10 events):
Event: 8.160 Thread 0x000000000298b000 Exception <a 'java/lang/ClassNotFoundException': org/springframework/web/servlet/HandlerAdapterCustomizer> (0x00000000fe009538) thrown at [C:\re\workspace\8-2-build-windows-amd64-cygwin\jdk8u201\12322\hotspot\src\share\vm\classfile\systemDictionary.cpp, l
Event: 8.160 Thread 0x000000000298b000 Exception <a 'java/lang/ClassNotFoundException': org/springframework/core/OrderedCustomizer> (0x00000000fe02f0d8) thrown at [C:\re\workspace\8-2-build-windows-amd64-cygwin\jdk8u201\12322\hotspot\src\share\vm\classfile\systemDictionary.cpp, line 210]
Event: 8.161 Thread 0x000000000298b000 Exception <a 'java/lang/ClassNotFoundException': org/springframework/web/context/ServletContextAwareCustomizer> (0x00000000fe05f3d0) thrown at [C:\re\workspace\8-2-build-windows-amd64-cygwin\jdk8u201\12322\hotspot\src\share\vm\classfile\systemDictionary.c
Event: 8.162 Thread 0x000000000298b000 Exception <a 'java/lang/ClassNotFoundException': org/springframework/beans/factory/AwareCustomizer> (0x00000000fe088a90) thrown at [C:\re\workspace\8-2-build-windows-amd64-cygwin\jdk8u201\12322\hotspot\src\share\vm\classfile\systemDictionary.cpp, line 210
Event: 8.162 Thread 0x000000000298b000 Exception <a 'java/lang/ClassNotFoundException': org/springframework/context/ApplicationContextAwareCustomizer> (0x00000000fe0b7f68) thrown at [C:\re\workspace\8-2-build-windows-amd64-cygwin\jdk8u201\12322\hotspot\src\share\vm\classfile\systemDictionary.c
Event: 8.163 Thread 0x000000000298b000 Exception <a 'java/lang/ClassNotFoundException': org/springframework/beans/factory/AwareCustomizer> (0x00000000fe0e1c40) thrown at [C:\re\workspace\8-2-build-windows-amd64-cygwin\jdk8u201\12322\hotspot\src\share\vm\classfile\systemDictionary.cpp, line 210
Event: 8.319 Thread 0x000000000298b000 Exception <a 'java/lang/ClassNotFoundException': java/lang/ObjectCustomizer> (0x00000000fe309c90) thrown at [C:\re\workspace\8-2-build-windows-amd64-cygwin\jdk8u201\12322\hotspot\src\share\vm\classfile\systemDictionary.cpp, line 210]
Event: 8.320 Thread 0x000000000298b000 Exception <a 'java/lang/ClassNotFoundException': org/springframework/web/servlet/resource/ResourceUrlProviderCustomizer> (0x00000000fe341b18) thrown at [C:\re\workspace\8-2-build-windows-amd64-cygwin\jdk8u201\12322\hotspot\src\share\vm\classfile\systemDic
Event: 8.322 Thread 0x000000000298b000 Exception <a 'java/lang/ClassNotFoundException': org/springframework/context/ApplicationListenerCustomizer> (0x00000000fe3b8038) thrown at [C:\re\workspace\8-2-build-windows-amd64-cygwin\jdk8u201\12322\hotspot\src\share\vm\classfile\systemDictionary.cpp, 
Event: 8.323 Thread 0x000000000298b000 Exception <a 'java/lang/ClassNotFoundException': java/util/EventListenerCustomizer> (0x00000000fe3c92d0) thrown at [C:\re\workspace\8-2-build-windows-amd64-cygwin\jdk8u201\12322\hotspot\src\share\vm\classfile\systemDictionary.cpp, line 210]

Events (10 events):
Event: 8.322 loading class org/springframework/context/ApplicationListenerCustomizer
Event: 8.322 loading class org/springframework/context/ApplicationListenerCustomizer done
Event: 8.323 loading class java/util/EventListenerCustomizer
Event: 8.323 loading class java/util/EventListenerCustomizer done
Event: 8.323 loading class java/util/EventListenerCustomizer
Event: 8.323 loading class java/util/EventListenerCustomizer done
Event: 8.324 loading class org/springframework/web/cors/CorsProcessor
Event: 8.324 loading class org/springframework/web/cors/CorsProcessor done
Event: 8.326 loading class org/springframework/web/servlet/handler/HandlerMethodMappingNamingStrategy
Event: 8.326 loading class org/springframework/web/servlet/handler/HandlerMethodMappingNamingStrategy done


Dynamic libraries:
0x00007ff76cf60000 - 0x00007ff76cf97000 	D:\_dev_tools\jdk1.8.0_201\bin\java.exe
0x00007ffe3c460000 - 0x00007ffe3c650000 	C:\WINDOWS\SYSTEM32\ntdll.dll
0x00007ffe3b210000 - 0x00007ffe3b2c2000 	C:\WINDOWS\System32\KERNEL32.DLL
0x00007ffe3a260000 - 0x00007ffe3a505000 	C:\WINDOWS\System32\KERNELBASE.dll
0x00007ffe3c2d0000 - 0x00007ffe3c373000 	C:\WINDOWS\System32\ADVAPI32.dll
0x00007ffe3b900000 - 0x00007ffe3b99e000 	C:\WINDOWS\System32\msvcrt.dll
0x00007ffe3bfd0000 - 0x00007ffe3c067000 	C:\WINDOWS\System32\sechost.dll
0x00007ffe3b610000 - 0x00007ffe3b72f000 	C:\WINDOWS\System32\RPCRT4.dll
0x00007ffe3b760000 - 0x00007ffe3b8f4000 	C:\WINDOWS\System32\USER32.dll
0x00007ffe39d40000 - 0x00007ffe39d61000 	C:\WINDOWS\System32\win32u.dll
0x00007ffe3c140000 - 0x00007ffe3c166000 	C:\WINDOWS\System32\GDI32.dll
0x00007ffe39f10000 - 0x00007ffe3a0a8000 	C:\WINDOWS\System32\gdi32full.dll
0x00007ffe3a1c0000 - 0x00007ffe3a25e000 	C:\WINDOWS\System32\msvcp_win.dll
0x00007ffe39c40000 - 0x00007ffe39d3a000 	C:\WINDOWS\System32\ucrtbase.dll
0x00007ffe26de0000 - 0x00007ffe27064000 	C:\WINDOWS\WinSxS\amd64_microsoft.windows.common-controls_6595b64144ccf1df_6.0.18362.1379_none_9e7ff3b3e45cc0c4\COMCTL32.dll
0x00007ffe3b2d0000 - 0x00007ffe3b607000 	C:\WINDOWS\System32\combase.dll
0x00007ffe3a130000 - 0x00007ffe3a1b1000 	C:\WINDOWS\System32\bcryptPrimitives.dll
0x00007ffe3b730000 - 0x00007ffe3b75e000 	C:\WINDOWS\System32\IMM32.DLL
0x0000000063390000 - 0x0000000063461000 	D:\_dev_tools\jdk1.8.0_201\jre\bin\msvcr100.dll
0x0000000062ae0000 - 0x0000000063384000 	D:\_dev_tools\jdk1.8.0_201\jre\bin\server\jvm.dll
0x00007ffe3c3b0000 - 0x00007ffe3c3b8000 	C:\WINDOWS\System32\PSAPI.DLL
0x00007ffe34750000 - 0x00007ffe34759000 	C:\WINDOWS\SYSTEM32\WSOCK32.dll
0x00007ffe3a850000 - 0x00007ffe3a8bf000 	C:\WINDOWS\System32\WS2_32.dll
0x00007ffe35fe0000 - 0x00007ffe36004000 	C:\WINDOWS\SYSTEM32\WINMM.dll
0x00007ffe30280000 - 0x00007ffe3028a000 	C:\WINDOWS\SYSTEM32\VERSION.dll
0x00007ffe35fb0000 - 0x00007ffe35fdd000 	C:\WINDOWS\SYSTEM32\WINMMBASE.dll
0x00007ffe39ec0000 - 0x00007ffe39f0a000 	C:\WINDOWS\System32\cfgmgr32.dll
0x00007ffe12db0000 - 0x00007ffe12dbf000 	D:\_dev_tools\jdk1.8.0_201\jre\bin\verify.dll
0x00007ffdf4d20000 - 0x00007ffdf4d49000 	D:\_dev_tools\jdk1.8.0_201\jre\bin\java.dll
0x00007ffe35b70000 - 0x00007ffe35b93000 	D:\_dev_tools\jdk1.8.0_201\jre\bin\instrument.dll
0x00007ffe0cbf0000 - 0x00007ffe0cc06000 	D:\_dev_tools\jdk1.8.0_201\jre\bin\zip.dll
0x00007ffe3a970000 - 0x00007ffe3b058000 	C:\WINDOWS\System32\SHELL32.dll
0x00007ffe3be90000 - 0x00007ffe3bf37000 	C:\WINDOWS\System32\shcore.dll
0x00007ffe39410000 - 0x00007ffe39b8b000 	C:\WINDOWS\System32\windows.storage.dll
0x00007ffe39390000 - 0x00007ffe393b3000 	C:\WINDOWS\System32\profapi.dll
0x00007ffe39340000 - 0x00007ffe3938a000 	C:\WINDOWS\System32\powrprof.dll
0x00007ffe39310000 - 0x00007ffe39320000 	C:\WINDOWS\System32\UMPDC.dll
0x00007ffe3a510000 - 0x00007ffe3a562000 	C:\WINDOWS\System32\shlwapi.dll
0x00007ffe39320000 - 0x00007ffe39331000 	C:\WINDOWS\System32\kernel.appcore.dll
0x00007ffe3a110000 - 0x00007ffe3a127000 	C:\WINDOWS\System32\cryptsp.dll
0x00007ffe34610000 - 0x00007ffe3462a000 	D:\_dev_tools\IDEA2020.2.3\bin\breakgen64.dll
0x00007ffdf0d50000 - 0x00007ffdf0d6a000 	D:\_dev_tools\jdk1.8.0_201\jre\bin\net.dll
0x00007ffe2a890000 - 0x00007ffe2aa66000 	C:\WINDOWS\SYSTEM32\urlmon.dll
0x00007ffe2ae90000 - 0x00007ffe2b137000 	C:\WINDOWS\SYSTEM32\iertutil.dll
0x00007ffe38d20000 - 0x00007ffe38d2c000 	C:\WINDOWS\SYSTEM32\CRYPTBASE.DLL
0x00007ffe38b50000 - 0x00007ffe38bb7000 	C:\WINDOWS\system32\mswsock.dll
0x00007ffdf0d30000 - 0x00007ffdf0d41000 	D:\_dev_tools\jdk1.8.0_201\jre\bin\nio.dll
0x00007ffe38860000 - 0x00007ffe3889a000 	C:\WINDOWS\SYSTEM32\IPHLPAPI.DLL
0x00007ffe3c3a0000 - 0x00007ffe3c3a8000 	C:\WINDOWS\System32\NSI.dll
0x00007ffe31680000 - 0x00007ffe31696000 	C:\WINDOWS\SYSTEM32\dhcpcsvc6.DLL
0x00007ffe30f20000 - 0x00007ffe30f3c000 	C:\WINDOWS\SYSTEM32\dhcpcsvc.DLL
0x00007ffe388a0000 - 0x00007ffe3896b000 	C:\WINDOWS\SYSTEM32\DNSAPI.dll
0x0000000064230000 - 0x0000000064256000 	C:\Program Files\Bonjour\mdnsNSP.dll
0x00007ffe30a70000 - 0x00007ffe30a7a000 	C:\Windows\System32\rasadhlp.dll
0x00007ffe30ce0000 - 0x00007ffe30d57000 	C:\WINDOWS\System32\fwpuclnt.dll
0x00007ffe393e0000 - 0x00007ffe39406000 	C:\WINDOWS\System32\bcrypt.dll
0x00007ffe34630000 - 0x00007ffe3463d000 	D:\_dev_tools\jdk1.8.0_201\jre\bin\management.dll
0x00007ffe0ca70000 - 0x00007ffe0ca86000 	C:\WINDOWS\system32\napinsp.dll
0x00007ffe0ca50000 - 0x00007ffe0ca6a000 	C:\WINDOWS\system32\pnrpnsp.dll
0x00007ffe0ca40000 - 0x00007ffe0ca4e000 	C:\WINDOWS\System32\winrnr.dll
0x00007ffe35b40000 - 0x00007ffe35b5c000 	C:\WINDOWS\system32\NLAapi.dll
0x00007ffe34880000 - 0x00007ffe34895000 	C:\WINDOWS\system32\wshbth.dll

VM Arguments:
jvm_args: -ea -Xmx100m -Didea.test.cyclic.buffer.size=1048576 -javaagent:D:\_dev_tools\IDEA2020.2.3\lib\idea_rt.jar=8806:D:\_dev_tools\IDEA2020.2.3\bin -Dfile.encoding=UTF-8 
java_command: com.intellij.rt.junit.JUnitStarter -ideVersion5 -junit5 com.study.suimai.thirdparty.SuimaiThirdPartyApplicationTests,testUpload
java_class_path (initial): D:\_dev_tools\IDEA2020.2.3\lib\idea_rt.jar;D:\_dev_tools\m2repository\org\junit\platform\junit-platform-launcher\1.6.3\junit-platform-launcher-1.6.3.jar;D:\_dev_tools\IDEA2020.2.3\plugins\junit\lib\junit5-rt.jar;D:\_dev_tools\IDEA2020.2.3\plugins\junit\lib\junit-rt.jar;D:\_dev_tools\jdk1.8.0_201\jre\lib\charsets.jar;D:\_dev_tools\jdk1.8.0_201\jre\lib\deploy.jar;D:\_dev_tools\jdk1.8.0_201\jre\lib\ext\access-bridge-64.jar;D:\_dev_tools\jdk1.8.0_201\jre\lib\ext\cldrdata.jar;D:\_dev_tools\jdk1.8.0_201\jre\lib\ext\dnsns.jar;D:\_dev_tools\jdk1.8.0_201\jre\lib\ext\jaccess.jar;D:\_dev_tools\jdk1.8.0_201\jre\lib\ext\jfxrt.jar;D:\_dev_tools\jdk1.8.0_201\jre\lib\ext\localedata.jar;D:\_dev_tools\jdk1.8.0_201\jre\lib\ext\nashorn.jar;D:\_dev_tools\jdk1.8.0_201\jre\lib\ext\sunec.jar;D:\_dev_tools\jdk1.8.0_201\jre\lib\ext\sunjce_provider.jar;D:\_dev_tools\jdk1.8.0_201\jre\lib\ext\sunmscapi.jar;D:\_dev_tools\jdk1.8.0_201\jre\lib\ext\sunpkcs11.jar;D:\_dev_tools\jdk1.8.0_201\jre\lib\ext\zipfs.jar;D:\_dev_tools\jdk1.8.0_201\jre\lib\javaws.jar;D:\_dev_tools\jdk1.8.0_201\jre\lib\jce.jar;D:\_dev_tools\jdk1.8.0_201\jre\lib\jfr.jar;D:\_dev_tools\jdk1.8.0_201\jre\lib\jfxswt.jar;D:\_dev_tools\jdk1.8.0_201\jre\lib\jsse.jar;D:\_dev_tools\jdk1.8.0_201\jre\lib\management-agent.jar;D:\_dev_tools\jdk1.8.0_201\jre\lib\plugin.jar;D:\_dev_tools\jdk1.8.0_201\jre\lib\resources.jar;D:\_dev_tools\jdk1.8.0_201\jre\lib\rt.jar;D:\_devcode\learn_atguigu\suimai-all\suimai\suimai-third-party\target\test-classes;D:\_devcode\learn_atguigu\suimai-all\suimai\suimai-third-party\target\classes;D:\_devcode\learn_atguigu\suimai-all\suimai\common\target\classes;D:\_dev_tools\m2repository\org\hibernate\validator\hibernate-validator\6.1.6.Final\hibernate-validator-6.1.6.Final.jar;D:\_dev_tools\m2repository\jakarta\validation\jakarta.validation-api\2.0.2\jakarta.validation-api-2.0.2.jar;D:\_dev_tools\m2repository\org\jboss\logging\jboss-logging\3.4.1.Final\jboss-logging-3.4.1.Final.jar;D:\_dev_
Launcher Type: SUN_STANDARD

Environment Variables:
JAVA_HOME=D:\_dev_tools\jdk1.8.0_201
PATH=D:\_dev_tools\jdk1.8.0_201\bin;C:\Program Files\Common Files\Oracle\Java\javapath;D:\_dev_tools\apache-maven-3.6.3\bin;C:\Windows\system32;C:\Windows;C:\Windows\System32\Wbem;C:\Windows\System32\WindowsPowerShell\v1.0\;C:\Users\Administrator\AppData\Local\Microsoft\WindowsApps;d:\Docker Toolbox;d:\ShenTong\bin;C:\WINDOWS\system32;C:\WINDOWS;C:\WINDOWS\System32\Wbem;C:\WINDOWS\System32\WindowsPowerShell\v1.0\;C:\WINDOWS\System32\OpenSSH\;D:\_dev_tools\mysql-5.7.31-winx64\bin;C:\Program Files (x86)\Google\Chrome\Application;D:\000000\ffmpeg-20190503-6223d07-win64-static\bin;D:\Calibre2\;d:\000000\rclone-v1.51.0-windows-amd64;C:\Program Files\NVIDIA Corporation\NVIDIA NvDLISR;C:\WINDOWS\system32;C:\WINDOWS;C:\WINDOWS\System32\Wbem;C:\WINDOWS\System32\WindowsPowerShell\v1.0\;C:\WINDOWS\System32\OpenSSH\;C:\Program Files (x86)\PxMEWNET;C:\Program Files (x86)\Windows Kits\8.1\Windows Performance Toolkit\;D:\_dev_tools\nodejs\;D:\_dev_tools\Git\cmd;D:\_dev_tools\Vagrant\bin;D:\_dev_tools\xshell7\Xshell 7\;D:\_dev_tools\xshell7\Xftp 7\;D:\TortoiseGit\bin;C:\Program Files\dotnet\;D:\_dev_tools\google-cloud-sdk\bin;C:\Users\Administrator\AppData\Local\Microsoft\WindowsApps;D:\Bandizip\;D:\PyCharm201911\bin;D:\_dev_tools\Microsoft VS Code\bin;D:\_dev_tools\nodejs\node_global;D:\_dev_tools\mingw64\bin;C:\Users\Administrator\AppData\Local\Pandoc\;D:\_dev_tools\Python39\;D:\_dev_tools\Python2.7.18;D:\_dev_tools\Python39\Scripts\;D:\_dev_tools\Python2.7.18\Scripts;
USERNAME=Administrator
OS=Windows_NT
PROCESSOR_IDENTIFIER=Intel64 Family 6 Model 142 Stepping 9, GenuineIntel



---------------  S Y S T E M  ---------------

OS: Windows 10.0 , 64 bit Build 18362 (10.0.18362.1350)

CPU:total 4 (initial active 4) (2 cores per cpu, 2 threads per core) family 6 model 142 stepping 9, cmov, cx8, fxsr, mmx, sse, sse2, sse3, ssse3, sse4.1, sse4.2, popcnt, avx, avx2, aes, clmul, erms, 3dnowpref, lzcnt, ht, tsc, tscinvbit, bmi1, bmi2, adx

Memory: 4k page, physical 8286340k(751252k free), swap 12480644k(5404k free)

vm_info: Java HotSpot(TM) 64-Bit Server VM (25.201-b09) for windows-amd64 JRE (1.8.0_201-b09), built on Dec 15 2018 18:36:39 by "java_re" with MS VC++ 10.0 (VS2010)

time: Fri Jul 23 17:18:05 2021
timezone: 中国标准时间
elapsed time: 8 seconds (0d 0h 0m 8s)

