#
# There is insufficient memory for the Java Runtime Environment to continue.
# Native memory allocation (malloc) failed to allocate 1068176 bytes for Chunk::new
# Possible reasons:
#   The system is out of physical RAM or swap space
#   The process is running with CompressedOops enabled, and the Java Heap may be blocking the growth of the native heap
# Possible solutions:
#   Reduce memory load on the system
#   Increase physical memory or swap space
#   Check if swap backing store is full
#   Decrease Java heap size (-Xmx/-Xms)
#   Decrease number of Java threads
#   Decrease Java thread stack sizes (-Xss)
#   Set larger code cache with -XX:ReservedCodeCacheSize=
#   JVM is running with Unscaled Compressed Oops mode in which the Java heap is
#     placed in the first 4GB address space. The Java Heap base address is the
#     maximum limit for the native heap growth. Please use -XX:HeapBaseMinAddress
#     to set the Java Heap base and to place the Java Heap above 4GB virtual address.
# This output file may be truncated or incomplete.
#
#  Out of Memory Error (allocation.cpp:390), pid=7608, tid=0x00000000000011ac
#
# JRE version: Java(TM) SE Runtime Environment (8.0_201-b09) (build 1.8.0_201-b09)
# Java VM: Java HotSpot(TM) 64-Bit Server VM (25.201-b09 mixed mode windows-amd64 compressed oops)
# Failed to write core dump. Minidumps are not enabled by default on client versions of Windows
#

---------------  T H R E A D  ---------------

Current thread (0x0000000017e4c800):  JavaThread "C2 CompilerThread1" daemon [_thread_in_native, id=4524, stack(0x0000000019960000,0x0000000019a60000)]

Stack: [0x0000000019960000,0x0000000019a60000]
[error occurred during error reporting (printing stack bounds), id 0xc0000005]

Native frames: (J=compiled Java code, j=interpreted, Vv=VM code, C=native code)


Current CompileTask:
C2:   2110 1304       4       java.io.WinNTFileSystem::normalize (143 bytes)


---------------  P R O C E S S  ---------------

Java Threads: ( => current thread )
  0x0000000017e5d800 JavaThread "Service Thread" daemon [_thread_blocked, id=16180, stack(0x0000000019b60000,0x0000000019c60000)]
  0x0000000017e5a000 JavaThread "C1 CompilerThread2" daemon [_thread_in_native, id=9756, stack(0x0000000019a60000,0x0000000019b60000)]
=>0x0000000017e4c800 JavaThread "C2 CompilerThread1" daemon [_thread_in_native, id=4524, stack(0x0000000019960000,0x0000000019a60000)]
  0x0000000017e49000 JavaThread "C2 CompilerThread0" daemon [_thread_in_native, id=8612, stack(0x0000000019860000,0x0000000019960000)]
  0x0000000017e3b000 JavaThread "Monitor Ctrl-Break" daemon [_thread_in_native, id=15496, stack(0x0000000019760000,0x0000000019860000)]
  0x0000000017e2d800 JavaThread "Attach Listener" daemon [_thread_blocked, id=15480, stack(0x0000000019660000,0x0000000019760000)]
  0x0000000017e18800 JavaThread "Signal Dispatcher" daemon [_thread_blocked, id=3524, stack(0x0000000019560000,0x0000000019660000)]
  0x0000000017def800 JavaThread "Finalizer" daemon [_thread_blocked, id=7152, stack(0x0000000019060000,0x0000000019160000)]
  0x0000000017de8800 JavaThread "Reference Handler" daemon [_thread_blocked, id=13412, stack(0x0000000018f60000,0x0000000019060000)]
  0x0000000002feb000 JavaThread "main" [_thread_in_vm, id=16088, stack(0x0000000002ee0000,0x0000000002fe0000)]

Other Threads:
  0x0000000017dc7000 VMThread [stack: 0x0000000018e60000,0x0000000018f60000] [id=15776]
  0x0000000019261800 WatcherThread [stack: 0x0000000019c60000,0x0000000019d60000] [id=18132]

VM state:not at safepoint (normal execution)

VM Mutex/Monitor currently owned by a thread: None

heap address: 0x0000000081800000, size: 2024 MB, Compressed Oops mode: 32-bit
Narrow klass base: 0x0000000000000000, Narrow klass shift: 3
Compressed class space size: 1073741824 Address: 0x0000000100000000

Heap:
 PSYoungGen      total 38400K, used 35234K [0x00000000d5d80000, 0x00000000da880000, 0x0000000100000000)
  eden space 33280K, 91% used [0x00000000d5d80000,0x00000000d7b163c8,0x00000000d7e00000)
  from space 5120K, 96% used [0x00000000d7e00000,0x00000000d82d2780,0x00000000d8300000)
  to   space 5120K, 0% used [0x00000000da380000,0x00000000da380000,0x00000000da880000)
 ParOldGen       total 87552K, used 32K [0x0000000081800000, 0x0000000086d80000, 0x00000000d5d80000)
  object space 87552K, 0% used [0x0000000081800000,0x0000000081808000,0x0000000086d80000)
 Metaspace       used 14657K, capacity 15710K, committed 16000K, reserved 1062912K
  class space    used 1869K, capacity 2073K, committed 2176K, reserved 1048576K

Card table byte_map: [0x0000000012670000,0x0000000012a70000] byte_map_base: 0x0000000012264000

Marking Bits: (ParMarkBitMap*) 0x0000000063304ce0
 Begin Bits: [0x0000000013120000, 0x00000000150c0000)
 End Bits:   [0x00000000150c0000, 0x0000000017060000)

Polling page: 0x0000000000c20000

CodeCache: size=245760Kb used=4701Kb max_used=4701Kb free=241058Kb
 bounds [0x00000000032b0000, 0x0000000003750000, 0x00000000122b0000]
 total_blobs=1688 nmethods=1315 adapters=284
 compilation: enabled

Compilation events (10 events):
Event: 2.098 Thread 0x0000000017e5a000 1306       3       java.util.concurrent.CopyOnWriteArrayList::size (6 bytes)
Event: 2.098 Thread 0x0000000017e5a000 nmethod 1306 0x0000000003733410 code [0x0000000003733560, 0x0000000003733750]
Event: 2.107 Thread 0x0000000017e5a000 1307       3       org.springframework.core.ResolvableType::resolve (16 bytes)
Event: 2.107 Thread 0x0000000017e5a000 nmethod 1307 0x0000000003733090 code [0x00000000037331e0, 0x0000000003733390]
Event: 2.107 Thread 0x0000000017e5a000 1309       3       org.springframework.core.ResolvableType::resolveType (151 bytes)
Event: 2.107 Thread 0x0000000017e5a000 nmethod 1309 0x00000000037315d0 code [0x0000000003731860, 0x0000000003732b78]
Event: 2.107 Thread 0x0000000017e5a000 1308       1       sun.reflect.generics.reflectiveObjects.TypeVariableImpl::getName (5 bytes)
Event: 2.107 Thread 0x0000000017e5a000 nmethod 1308 0x0000000003731310 code [0x0000000003731460, 0x0000000003731570]
Event: 2.108 Thread 0x0000000017e5a000 1310       3       org.springframework.core.annotation.RepeatableContainers::standardRepeatables (4 bytes)
Event: 2.108 Thread 0x0000000017e5a000 nmethod 1310 0x0000000003730f90 code [0x00000000037310e0, 0x0000000003731270]

GC Heap History (6 events):
Event: 0.949 GC heap before
{Heap before GC invocations=1 (full 0):
 PSYoungGen      total 38400K, used 33280K [0x00000000d5d80000, 0x00000000d8800000, 0x0000000100000000)
  eden space 33280K, 100% used [0x00000000d5d80000,0x00000000d7e00000,0x00000000d7e00000)
  from space 5120K, 0% used [0x00000000d8300000,0x00000000d8300000,0x00000000d8800000)
  to   space 5120K, 0% used [0x00000000d7e00000,0x00000000d7e00000,0x00000000d8300000)
 ParOldGen       total 87552K, used 0K [0x0000000081800000, 0x0000000086d80000, 0x00000000d5d80000)
  object space 87552K, 0% used [0x0000000081800000,0x0000000081800000,0x0000000086d80000)
 Metaspace       used 7600K, capacity 8118K, committed 8320K, reserved 1056768K
  class space    used 933K, capacity 1074K, committed 1152K, reserved 1048576K
Event: 0.952 GC heap after
Heap after GC invocations=1 (full 0):
 PSYoungGen      total 38400K, used 3677K [0x00000000d5d80000, 0x00000000d8800000, 0x0000000100000000)
  eden space 33280K, 0% used [0x00000000d5d80000,0x00000000d5d80000,0x00000000d7e00000)
  from space 5120K, 71% used [0x00000000d7e00000,0x00000000d8197500,0x00000000d8300000)
  to   space 5120K, 0% used [0x00000000d8300000,0x00000000d8300000,0x00000000d8800000)
 ParOldGen       total 87552K, used 16K [0x0000000081800000, 0x0000000086d80000, 0x00000000d5d80000)
  object space 87552K, 0% used [0x0000000081800000,0x0000000081804000,0x0000000086d80000)
 Metaspace       used 7600K, capacity 8118K, committed 8320K, reserved 1056768K
  class space    used 933K, capacity 1074K, committed 1152K, reserved 1048576K
}
Event: 1.285 GC heap before
{Heap before GC invocations=2 (full 0):
 PSYoungGen      total 38400K, used 36957K [0x00000000d5d80000, 0x00000000d8800000, 0x0000000100000000)
  eden space 33280K, 100% used [0x00000000d5d80000,0x00000000d7e00000,0x00000000d7e00000)
  from space 5120K, 71% used [0x00000000d7e00000,0x00000000d8197500,0x00000000d8300000)
  to   space 5120K, 0% used [0x00000000d8300000,0x00000000d8300000,0x00000000d8800000)
 ParOldGen       total 87552K, used 16K [0x0000000081800000, 0x0000000086d80000, 0x00000000d5d80000)
  object space 87552K, 0% used [0x0000000081800000,0x0000000081804000,0x0000000086d80000)
 Metaspace       used 10622K, capacity 11582K, committed 11776K, reserved 1058816K
  class space    used 1326K, capacity 1521K, committed 1536K, reserved 1048576K
Event: 1.290 GC heap after
Heap after GC invocations=2 (full 0):
 PSYoungGen      total 38400K, used 4611K [0x00000000d5d80000, 0x00000000d8800000, 0x0000000100000000)
  eden space 33280K, 0% used [0x00000000d5d80000,0x00000000d5d80000,0x00000000d7e00000)
  from space 5120K, 90% used [0x00000000d8300000,0x00000000d8780c50,0x00000000d8800000)
  to   space 5120K, 0% used [0x00000000d7e00000,0x00000000d7e00000,0x00000000d8300000)
 ParOldGen       total 87552K, used 24K [0x0000000081800000, 0x0000000086d80000, 0x00000000d5d80000)
  object space 87552K, 0% used [0x0000000081800000,0x0000000081806000,0x0000000086d80000)
 Metaspace       used 10622K, capacity 11582K, committed 11776K, reserved 1058816K
  class space    used 1326K, capacity 1521K, committed 1536K, reserved 1048576K
}
Event: 1.611 GC heap before
{Heap before GC invocations=3 (full 0):
 PSYoungGen      total 38400K, used 37891K [0x00000000d5d80000, 0x00000000d8800000, 0x0000000100000000)
  eden space 33280K, 100% used [0x00000000d5d80000,0x00000000d7e00000,0x00000000d7e00000)
  from space 5120K, 90% used [0x00000000d8300000,0x00000000d8780c50,0x00000000d8800000)
  to   space 5120K, 0% used [0x00000000d7e00000,0x00000000d7e00000,0x00000000d8300000)
 ParOldGen       total 87552K, used 24K [0x0000000081800000, 0x0000000086d80000, 0x00000000d5d80000)
  object space 87552K, 0% used [0x0000000081800000,0x0000000081806000,0x0000000086d80000)
 Metaspace       used 12634K, capacity 13620K, committed 13824K, reserved 1060864K
  class space    used 1597K, capacity 1780K, committed 1792K, reserved 1048576K
Event: 1.617 GC heap after
Heap after GC invocations=3 (full 0):
 PSYoungGen      total 38400K, used 4937K [0x00000000d5d80000, 0x00000000da880000, 0x0000000100000000)
  eden space 33280K, 0% used [0x00000000d5d80000,0x00000000d5d80000,0x00000000d7e00000)
  from space 5120K, 96% used [0x00000000d7e00000,0x00000000d82d2780,0x00000000d8300000)
  to   space 5120K, 0% used [0x00000000da380000,0x00000000da380000,0x00000000da880000)
 ParOldGen       total 87552K, used 32K [0x0000000081800000, 0x0000000086d80000, 0x00000000d5d80000)
  object space 87552K, 0% used [0x0000000081800000,0x0000000081808000,0x0000000086d80000)
 Metaspace       used 12634K, capacity 13620K, committed 13824K, reserved 1060864K
  class space    used 1597K, capacity 1780K, committed 1792K, reserved 1048576K
}

Deoptimization events (10 events):
Event: 1.275 Thread 0x0000000002feb000 Uncommon trap: reason=class_check action=maybe_recompile pc=0x0000000003485354 method=java.lang.String.equals(Ljava/lang/Object;)Z @ 8
Event: 1.297 Thread 0x0000000002feb000 Uncommon trap: reason=class_check action=maybe_recompile pc=0x0000000003485354 method=java.lang.String.equals(Ljava/lang/Object;)Z @ 8
Event: 1.375 Thread 0x0000000002feb000 Uncommon trap: reason=bimorphic action=maybe_recompile pc=0x000000000364e7f8 method=java.util.HashMap.putVal(ILjava/lang/Object;Ljava/lang/Object;ZZ)Ljava/lang/Object; @ 203
Event: 1.421 Thread 0x0000000002feb000 Uncommon trap: reason=unstable_if action=reinterpret pc=0x000000000356ceec method=java.io.WinNTFileSystem.normalize(Ljava/lang/String;)Ljava/lang/String; @ 128
Event: 1.421 Thread 0x0000000002feb000 Uncommon trap: reason=unstable_if action=reinterpret pc=0x00000000034e4a18 method=java.io.WinNTFileSystem.normalize(Ljava/lang/String;II)Ljava/lang/String; @ 8
Event: 1.510 Thread 0x0000000002feb000 Uncommon trap: reason=bimorphic action=maybe_recompile pc=0x00000000036a19e4 method=java.util.HashMap.putVal(ILjava/lang/Object;Ljava/lang/Object;ZZ)Ljava/lang/Object; @ 203
Event: 1.551 Thread 0x0000000002feb000 Uncommon trap: reason=range_check action=make_not_entrant pc=0x00000000034ed320 method=sun.reflect.generics.parser.SignatureParser.current()C @ 34
Event: 1.748 Thread 0x0000000002feb000 Uncommon trap: reason=unstable_if action=reinterpret pc=0x0000000003685ab8 method=java.util.jar.Manifest$FastInputStream.readLine([BII)I @ 87
Event: 2.031 Thread 0x0000000002feb000 Uncommon trap: reason=unstable_if action=reinterpret pc=0x000000000364e784 method=java.util.HashMap.putVal(ILjava/lang/Object;Ljava/lang/Object;ZZ)Ljava/lang/Object; @ 236
Event: 2.035 Thread 0x0000000002feb000 Uncommon trap: reason=unstable_if action=reinterpret pc=0x0000000003745fd8 method=java.util.concurrent.ConcurrentHashMap.putVal(Ljava/lang/Object;Ljava/lang/Object;Z)Ljava/lang/Object; @ 181

Classes redefined (0 events):
No events

Internal exceptions (10 events):
Event: 1.090 Thread 0x0000000002feb000 Exception <a 'java/lang/NoSuchMethodError': java.lang.Object.lambda$and$0(Ljava/util/function/Predicate;Ljava/lang/Object;)Z> (0x00000000d69b3778) thrown at [C:\re\workspace\8-2-build-windows-amd64-cygwin\jdk8u201\12322\hotspot\src\share\vm\interpreter\li
Event: 1.178 Thread 0x0000000002feb000 Exception <a 'java/io/FileNotFoundException'> (0x00000000d71046f0) thrown at [C:\re\workspace\8-2-build-windows-amd64-cygwin\jdk8u201\12322\hotspot\src\share\vm\prims\jni.cpp, line 709]
Event: 1.228 Thread 0x0000000002feb000 Exception <a 'java/lang/NoSuchMethodError': org.slf4j.impl.StaticMDCBinder.getSingleton()Lorg/slf4j/impl/StaticMDCBinder;> (0x00000000d75abc90) thrown at [C:\re\workspace\8-2-build-windows-amd64-cygwin\jdk8u201\12322\hotspot\src\share\vm\interpreter\linkR
Event: 1.269 Thread 0x0000000002feb000 Exception <a 'java/lang/NoSuchMethodError': java.lang.Object.lambda$comparingInt$7b0bb60$1(Ljava/util/function/ToIntFunction;Ljava/lang/Object;Ljava/lang/Object;)I> (0x00000000d7c276e0) thrown at [C:\re\workspace\8-2-build-windows-amd64-cygwin\jdk8u201\12
Event: 1.534 Thread 0x0000000002feb000 Exception <a 'java/lang/NoSuchMethodError': java.lang.Object.lambda$static$0(Ljava/lang/Object;)Ljava/lang/Object;> (0x00000000d7780b30) thrown at [C:\re\workspace\8-2-build-windows-amd64-cygwin\jdk8u201\12322\hotspot\src\share\vm\interpreter\linkResolver
Event: 1.551 Thread 0x0000000002feb000 Exception <a 'java/lang/ArrayIndexOutOfBoundsException': 18> (0x00000000d7992cc8) thrown at [C:\re\workspace\8-2-build-windows-amd64-cygwin\jdk8u201\12322\hotspot\src\share\vm\interpreter\interpreterRuntime.cpp, line 368]
Event: 1.551 Thread 0x0000000002feb000 Exception <a 'java/lang/ArrayIndexOutOfBoundsException': 182> (0x00000000d7995418) thrown at [C:\re\workspace\8-2-build-windows-amd64-cygwin\jdk8u201\12322\hotspot\src\share\vm\interpreter\interpreterRuntime.cpp, line 368]
Event: 1.797 Thread 0x0000000002feb000 Exception <a 'java/lang/NoClassDefFoundError': org/springframework/transaction/interceptor/TransactionAttributeSource> (0x00000000d6e60e98) thrown at [C:\re\workspace\8-2-build-windows-amd64-cygwin\jdk8u201\12322\hotspot\src\share\vm\classfile\systemDicti
Event: 1.799 Thread 0x0000000002feb000 Exception <a 'java/lang/NoClassDefFoundError': org/springframework/transaction/interceptor/TransactionAttribute> (0x00000000d6e90ea8) thrown at [C:\re\workspace\8-2-build-windows-amd64-cygwin\jdk8u201\12322\hotspot\src\share\vm\classfile\systemDictionary.
Event: 1.840 Thread 0x0000000002feb000 Exception <a 'java/lang/IncompatibleClassChangeError': Found class java.lang.Object, but interface was expected> (0x00000000d6fddd60) thrown at [C:\re\workspace\8-2-build-windows-amd64-cygwin\jdk8u201\12322\hotspot\src\share\vm\interpreter\linkResolver.cp

Events (10 events):
Event: 2.097 loading class org/springframework/core/env/CommandLineArgs
Event: 2.097 loading class org/springframework/core/env/CommandLineArgs done
Event: 2.098 loading class org/springframework/boot/context/properties/source/ConfigurationPropertySources
Event: 2.098 loading class org/springframework/boot/context/properties/source/ConfigurationPropertySources done
Event: 2.099 loading class org/springframework/boot/context/properties/source/ConfigurationPropertySourcesPropertySource
Event: 2.099 loading class org/springframework/boot/context/properties/source/ConfigurationPropertySourcesPropertySource done
Event: 2.100 loading class org/springframework/boot/context/properties/source/SpringConfigurationPropertySources
Event: 2.100 loading class org/springframework/boot/context/properties/source/SpringConfigurationPropertySources done
Event: 2.107 loading class org/springframework/boot/context/properties/source/SpringConfigurationPropertySources$SourcesIterator
Event: 2.107 loading class org/springframework/boot/context/properties/source/SpringConfigurationPropertySources$SourcesIterator done


Dynamic libraries:
0x00007ff76cf60000 - 0x00007ff76cf97000 	D:\_dev_tools\jdk1.8.0_201\bin\java.exe
0x00007ffe3c460000 - 0x00007ffe3c650000 	C:\WINDOWS\SYSTEM32\ntdll.dll
0x00007ffe3b210000 - 0x00007ffe3b2c2000 	C:\WINDOWS\System32\KERNEL32.DLL
0x00007ffe3a260000 - 0x00007ffe3a505000 	C:\WINDOWS\System32\KERNELBASE.dll
0x00007ffe3c2d0000 - 0x00007ffe3c373000 	C:\WINDOWS\System32\ADVAPI32.dll
0x00007ffe3b900000 - 0x00007ffe3b99e000 	C:\WINDOWS\System32\msvcrt.dll
0x00007ffe3bfd0000 - 0x00007ffe3c067000 	C:\WINDOWS\System32\sechost.dll
0x00007ffe3b610000 - 0x00007ffe3b72f000 	C:\WINDOWS\System32\RPCRT4.dll
0x00007ffe3b760000 - 0x00007ffe3b8f4000 	C:\WINDOWS\System32\USER32.dll
0x00007ffe39d40000 - 0x00007ffe39d61000 	C:\WINDOWS\System32\win32u.dll
0x00007ffe3c140000 - 0x00007ffe3c166000 	C:\WINDOWS\System32\GDI32.dll
0x00007ffe39f10000 - 0x00007ffe3a0a8000 	C:\WINDOWS\System32\gdi32full.dll
0x00007ffe3a1c0000 - 0x00007ffe3a25e000 	C:\WINDOWS\System32\msvcp_win.dll
0x00007ffe39c40000 - 0x00007ffe39d3a000 	C:\WINDOWS\System32\ucrtbase.dll
0x00007ffe26de0000 - 0x00007ffe27064000 	C:\WINDOWS\WinSxS\amd64_microsoft.windows.common-controls_6595b64144ccf1df_6.0.18362.1379_none_9e7ff3b3e45cc0c4\COMCTL32.dll
0x00007ffe3b2d0000 - 0x00007ffe3b607000 	C:\WINDOWS\System32\combase.dll
0x00007ffe3a130000 - 0x00007ffe3a1b1000 	C:\WINDOWS\System32\bcryptPrimitives.dll
0x00007ffe3b730000 - 0x00007ffe3b75e000 	C:\WINDOWS\System32\IMM32.DLL
0x0000000063390000 - 0x0000000063461000 	D:\_dev_tools\jdk1.8.0_201\jre\bin\msvcr100.dll
0x0000000062ae0000 - 0x0000000063384000 	D:\_dev_tools\jdk1.8.0_201\jre\bin\server\jvm.dll
0x00007ffe3c3b0000 - 0x00007ffe3c3b8000 	C:\WINDOWS\System32\PSAPI.DLL
0x00007ffe34750000 - 0x00007ffe34759000 	C:\WINDOWS\SYSTEM32\WSOCK32.dll
0x00007ffe3a850000 - 0x00007ffe3a8bf000 	C:\WINDOWS\System32\WS2_32.dll
0x00007ffe35fe0000 - 0x00007ffe36004000 	C:\WINDOWS\SYSTEM32\WINMM.dll
0x00007ffe35fb0000 - 0x00007ffe35fdd000 	C:\WINDOWS\SYSTEM32\winmmbase.dll
0x00007ffe39ec0000 - 0x00007ffe39f0a000 	C:\WINDOWS\System32\cfgmgr32.dll
0x00007ffe30280000 - 0x00007ffe3028a000 	C:\WINDOWS\SYSTEM32\VERSION.dll
0x00007ffe12db0000 - 0x00007ffe12dbf000 	D:\_dev_tools\jdk1.8.0_201\jre\bin\verify.dll
0x00007ffdf4d20000 - 0x00007ffdf4d49000 	D:\_dev_tools\jdk1.8.0_201\jre\bin\java.dll
0x00007ffe35b70000 - 0x00007ffe35b93000 	D:\_dev_tools\jdk1.8.0_201\jre\bin\instrument.dll
0x00007ffe0cbf0000 - 0x00007ffe0cc06000 	D:\_dev_tools\jdk1.8.0_201\jre\bin\zip.dll
0x00007ffe3a970000 - 0x00007ffe3b058000 	C:\WINDOWS\System32\SHELL32.dll
0x00007ffe3be90000 - 0x00007ffe3bf37000 	C:\WINDOWS\System32\shcore.dll
0x00007ffe39410000 - 0x00007ffe39b8b000 	C:\WINDOWS\System32\windows.storage.dll
0x00007ffe39390000 - 0x00007ffe393b3000 	C:\WINDOWS\System32\profapi.dll
0x00007ffe39340000 - 0x00007ffe3938a000 	C:\WINDOWS\System32\powrprof.dll
0x00007ffe39310000 - 0x00007ffe39320000 	C:\WINDOWS\System32\UMPDC.dll
0x00007ffe3a510000 - 0x00007ffe3a562000 	C:\WINDOWS\System32\shlwapi.dll
0x00007ffe39320000 - 0x00007ffe39331000 	C:\WINDOWS\System32\kernel.appcore.dll
0x00007ffe3a110000 - 0x00007ffe3a127000 	C:\WINDOWS\System32\cryptsp.dll
0x00007ffe34610000 - 0x00007ffe3462a000 	D:\_dev_tools\IDEA2020.2.3\bin\breakgen64.dll
0x00007ffdf0d50000 - 0x00007ffdf0d6a000 	D:\_dev_tools\jdk1.8.0_201\jre\bin\net.dll
0x00007ffe2a890000 - 0x00007ffe2aa66000 	C:\WINDOWS\SYSTEM32\urlmon.dll
0x00007ffe2ae90000 - 0x00007ffe2b137000 	C:\WINDOWS\SYSTEM32\iertutil.dll
0x00007ffe38d20000 - 0x00007ffe38d2c000 	C:\WINDOWS\SYSTEM32\CRYPTBASE.DLL
0x00007ffe38b50000 - 0x00007ffe38bb7000 	C:\WINDOWS\system32\mswsock.dll
0x00007ffdf0d30000 - 0x00007ffdf0d41000 	D:\_dev_tools\jdk1.8.0_201\jre\bin\nio.dll

VM Arguments:
jvm_args: -ea -Didea.test.cyclic.buffer.size=1048576 -javaagent:D:\_dev_tools\IDEA2020.2.3\lib\idea_rt.jar=8568:D:\_dev_tools\IDEA2020.2.3\bin -Dfile.encoding=UTF-8 
java_command: com.intellij.rt.junit.JUnitStarter -ideVersion5 -junit5 com.study.suimai.thirdparty.SuimaiThirdPartyApplicationTests,testUpload
java_class_path (initial): D:\_dev_tools\IDEA2020.2.3\lib\idea_rt.jar;D:\_dev_tools\m2repository\org\junit\platform\junit-platform-launcher\1.6.3\junit-platform-launcher-1.6.3.jar;D:\_dev_tools\IDEA2020.2.3\plugins\junit\lib\junit5-rt.jar;D:\_dev_tools\IDEA2020.2.3\plugins\junit\lib\junit-rt.jar;D:\_dev_tools\jdk1.8.0_201\jre\lib\charsets.jar;D:\_dev_tools\jdk1.8.0_201\jre\lib\deploy.jar;D:\_dev_tools\jdk1.8.0_201\jre\lib\ext\access-bridge-64.jar;D:\_dev_tools\jdk1.8.0_201\jre\lib\ext\cldrdata.jar;D:\_dev_tools\jdk1.8.0_201\jre\lib\ext\dnsns.jar;D:\_dev_tools\jdk1.8.0_201\jre\lib\ext\jaccess.jar;D:\_dev_tools\jdk1.8.0_201\jre\lib\ext\jfxrt.jar;D:\_dev_tools\jdk1.8.0_201\jre\lib\ext\localedata.jar;D:\_dev_tools\jdk1.8.0_201\jre\lib\ext\nashorn.jar;D:\_dev_tools\jdk1.8.0_201\jre\lib\ext\sunec.jar;D:\_dev_tools\jdk1.8.0_201\jre\lib\ext\sunjce_provider.jar;D:\_dev_tools\jdk1.8.0_201\jre\lib\ext\sunmscapi.jar;D:\_dev_tools\jdk1.8.0_201\jre\lib\ext\sunpkcs11.jar;D:\_dev_tools\jdk1.8.0_201\jre\lib\ext\zipfs.jar;D:\_dev_tools\jdk1.8.0_201\jre\lib\javaws.jar;D:\_dev_tools\jdk1.8.0_201\jre\lib\jce.jar;D:\_dev_tools\jdk1.8.0_201\jre\lib\jfr.jar;D:\_dev_tools\jdk1.8.0_201\jre\lib\jfxswt.jar;D:\_dev_tools\jdk1.8.0_201\jre\lib\jsse.jar;D:\_dev_tools\jdk1.8.0_201\jre\lib\management-agent.jar;D:\_dev_tools\jdk1.8.0_201\jre\lib\plugin.jar;D:\_dev_tools\jdk1.8.0_201\jre\lib\resources.jar;D:\_dev_tools\jdk1.8.0_201\jre\lib\rt.jar;D:\_devcode\learn_atguigu\suimai-all\suimai\suimai-third-party\target\test-classes;D:\_devcode\learn_atguigu\suimai-all\suimai\suimai-third-party\target\classes;D:\_devcode\learn_atguigu\suimai-all\suimai\common\target\classes;D:\_dev_tools\m2repository\org\hibernate\validator\hibernate-validator\6.1.6.Final\hibernate-validator-6.1.6.Final.jar;D:\_dev_tools\m2repository\jakarta\validation\jakarta.validation-api\2.0.2\jakarta.validation-api-2.0.2.jar;D:\_dev_tools\m2repository\org\jboss\logging\jboss-logging\3.4.1.Final\jboss-logging-3.4.1.Final.jar;D:\_dev_
Launcher Type: SUN_STANDARD

Environment Variables:
JAVA_HOME=D:\_dev_tools\jdk1.8.0_201
PATH=D:\_dev_tools\jdk1.8.0_201\bin;C:\Program Files\Common Files\Oracle\Java\javapath;D:\_dev_tools\apache-maven-3.6.3\bin;C:\Windows\system32;C:\Windows;C:\Windows\System32\Wbem;C:\Windows\System32\WindowsPowerShell\v1.0\;C:\Users\Administrator\AppData\Local\Microsoft\WindowsApps;d:\Docker Toolbox;d:\ShenTong\bin;C:\WINDOWS\system32;C:\WINDOWS;C:\WINDOWS\System32\Wbem;C:\WINDOWS\System32\WindowsPowerShell\v1.0\;C:\WINDOWS\System32\OpenSSH\;D:\_dev_tools\mysql-5.7.31-winx64\bin;C:\Program Files (x86)\Google\Chrome\Application;D:\000000\ffmpeg-20190503-6223d07-win64-static\bin;D:\Calibre2\;d:\000000\rclone-v1.51.0-windows-amd64;C:\Program Files\NVIDIA Corporation\NVIDIA NvDLISR;C:\WINDOWS\system32;C:\WINDOWS;C:\WINDOWS\System32\Wbem;C:\WINDOWS\System32\WindowsPowerShell\v1.0\;C:\WINDOWS\System32\OpenSSH\;C:\Program Files (x86)\PxMEWNET;C:\Program Files (x86)\Windows Kits\8.1\Windows Performance Toolkit\;D:\_dev_tools\nodejs\;D:\_dev_tools\Git\cmd;D:\_dev_tools\Vagrant\bin;D:\_dev_tools\xshell7\Xshell 7\;D:\_dev_tools\xshell7\Xftp 7\;D:\TortoiseGit\bin;C:\Program Files\dotnet\;D:\_dev_tools\google-cloud-sdk\bin;C:\Users\Administrator\AppData\Local\Microsoft\WindowsApps;D:\Bandizip\;D:\PyCharm201911\bin;D:\_dev_tools\Microsoft VS Code\bin;D:\_dev_tools\nodejs\node_global;D:\_dev_tools\mingw64\bin;C:\Users\Administrator\AppData\Local\Pandoc\;D:\_dev_tools\Python39\;D:\_dev_tools\Python2.7.18;D:\_dev_tools\Python39\Scripts\;D:\_dev_tools\Python2.7.18\Scripts;
USERNAME=Administrator
OS=Windows_NT
PROCESSOR_IDENTIFIER=Intel64 Family 6 Model 142 Stepping 9, GenuineIntel



---------------  S Y S T E M  ---------------

OS: Windows 10.0 , 64 bit Build 18362 (10.0.18362.1350)

CPU:total 4 (initial active 4) (2 cores per cpu, 2 threads per core) family 6 model 142 stepping 9, cmov, cx8, fxsr, mmx, sse, sse2, sse3, ssse3, sse4.1, sse4.2, popcnt, avx, avx2, aes, clmul, erms, 3dnowpref, lzcnt, ht, tsc, tscinvbit, bmi1, bmi2, adx

Memory: 4k page, physical 8286340k(851580k free), swap 12480644k(5336k free)

vm_info: Java HotSpot(TM) 64-Bit Server VM (25.201-b09) for windows-amd64 JRE (1.8.0_201-b09), built on Dec 15 2018 18:36:39 by "java_re" with MS VC++ 10.0 (VS2010)

time: Fri Jul 23 17:09:56 2021
timezone: 中国标准时间
elapsed time: 2 seconds (0d 0h 0m 2s)

